DEBUG: 2024/10/30 18:21:02 /home/eqthyrium/Documents/Adlet/Project/SimpleShop/internal/transport/customHttp/middleware.go:76: The RoleAdjusterMiddleware is started
DEBUG: 2024/10/30 18:21:02 /home/eqthyrium/Documents/Adlet/Project/SimpleShop/internal/transport/customHttp/middleware.go:81: There is an error about getting the token from the cookie!!!
DEBUG: 2024/10/30 18:21:02 /home/eqthyrium/Documents/Adlet/Project/SimpleShop/internal/transport/customHttp/middleware.go:166: The CSRFMiddleware is started
DEBUG: 2024/10/30 18:21:02 /home/eqthyrium/Documents/Adlet/Project/SimpleShop/internal/transport/customHttp/homepage.go:12: homePage handler is activated
DEBUG: 2024/10/30 18:21:02 /home/eqthyrium/Documents/Adlet/Project/SimpleShop/internal/transport/customHttp/middleware.go:76: The RoleAdjusterMiddleware is started
DEBUG: 2024/10/30 18:21:02 /home/eqthyrium/Documents/Adlet/Project/SimpleShop/internal/transport/customHttp/middleware.go:81: There is an error about getting the token from the cookie!!!
DEBUG: 2024/10/30 18:21:02 /home/eqthyrium/Documents/Adlet/Project/SimpleShop/internal/transport/customHttp/middleware.go:166: The CSRFMiddleware is started
DEBUG: 2024/10/30 18:21:02 /home/eqthyrium/Documents/Adlet/Project/SimpleShop/internal/transport/customHttp/homepage.go:12: homePage handler is activated
DEBUG: 2024/10/30 18:21:02 /home/eqthyrium/Documents/Adlet/Project/SimpleShop/internal/transport/customHttp/helper.go:16: errorWebpage handler is activated
DEBUG: 2024/10/30 18:21:05 /home/eqthyrium/Documents/Adlet/Project/SimpleShop/internal/transport/customHttp/middleware.go:76: The RoleAdjusterMiddleware is started
DEBUG: 2024/10/30 18:21:05 /home/eqthyrium/Documents/Adlet/Project/SimpleShop/internal/transport/customHttp/middleware.go:81: There is an error about getting the token from the cookie!!!
DEBUG: 2024/10/30 18:21:05 /home/eqthyrium/Documents/Adlet/Project/SimpleShop/internal/transport/customHttp/middleware.go:166: The CSRFMiddleware is started
DEBUG: 2024/10/30 18:21:05 /home/eqthyrium/Documents/Adlet/Project/SimpleShop/internal/transport/customHttp/login.go:28: The logIn handler is activated
DEBUG: 2024/10/30 18:21:05 /home/eqthyrium/Documents/Adlet/Project/SimpleShop/internal/transport/customHttp/login.go:50: logIn's handler of GET request is activated
DEBUG: 2024/10/30 18:21:09 /home/eqthyrium/Documents/Adlet/Project/SimpleShop/internal/transport/customHttp/middleware.go:76: The RoleAdjusterMiddleware is started
DEBUG: 2024/10/30 18:21:09 /home/eqthyrium/Documents/Adlet/Project/SimpleShop/internal/transport/customHttp/middleware.go:81: There is an error about getting the token from the cookie!!!
DEBUG: 2024/10/30 18:21:09 /home/eqthyrium/Documents/Adlet/Project/SimpleShop/internal/transport/customHttp/middleware.go:166: The CSRFMiddleware is started
DEBUG: 2024/10/30 18:21:09 /home/eqthyrium/Documents/Adlet/Project/SimpleShop/internal/transport/customHttp/login.go:28: The logIn handler is activated
DEBUG: 2024/10/30 18:21:09 /home/eqthyrium/Documents/Adlet/Project/SimpleShop/internal/transport/customHttp/login.go:80: logIn's handler of POST request is activated
DEBUG: 2024/10/30 18:21:09 /home/eqthyrium/Documents/Adlet/Project/SimpleShop/internal/transport/customHttp/login.go:102: Function "logIn": user is not found
DEBUG: 2024/10/30 18:21:09 /home/eqthyrium/Documents/Adlet/Project/SimpleShop/internal/transport/customHttp/helper.go:16: errorWebpage handler is activated
DEBUG: 2024/10/30 18:21:09 /home/eqthyrium/Documents/Adlet/Project/SimpleShop/internal/transport/customHttp/helper.go:23: Bad Requested error handling part is opened
DEBUG: 2024/10/30 18:21:09 /home/eqthyrium/Documents/Adlet/Project/SimpleShop/internal/transport/customHttp/helper.go:26: ErrUserNotFound part of the code in the errorWebpage
DEBUG: 2024/10/30 18:21:15 /home/eqthyrium/Documents/Adlet/Project/SimpleShop/internal/transport/customHttp/middleware.go:76: The RoleAdjusterMiddleware is started
DEBUG: 2024/10/30 18:21:15 /home/eqthyrium/Documents/Adlet/Project/SimpleShop/internal/transport/customHttp/middleware.go:81: There is an error about getting the token from the cookie!!!
DEBUG: 2024/10/30 18:21:15 /home/eqthyrium/Documents/Adlet/Project/SimpleShop/internal/transport/customHttp/middleware.go:166: The CSRFMiddleware is started
DEBUG: 2024/10/30 18:21:15 /home/eqthyrium/Documents/Adlet/Project/SimpleShop/internal/transport/customHttp/login.go:28: The logIn handler is activated
DEBUG: 2024/10/30 18:21:15 /home/eqthyrium/Documents/Adlet/Project/SimpleShop/internal/transport/customHttp/login.go:80: logIn's handler of POST request is activated
DEBUG: 2024/10/30 18:21:15 /home/eqthyrium/Documents/Adlet/Project/SimpleShop/internal/transport/customHttp/middleware.go:76: The RoleAdjusterMiddleware is started
DEBUG: 2024/10/30 18:21:15 /home/eqthyrium/Documents/Adlet/Project/SimpleShop/internal/transport/customHttp/middleware.go:136: Checking part of token's time
DEBUG: 2024/10/30 18:21:15 /home/eqthyrium/Documents/Adlet/Project/SimpleShop/internal/transport/customHttp/middleware.go:166: The CSRFMiddleware is started
DEBUG: 2024/10/30 18:21:15 /home/eqthyrium/Documents/Adlet/Project/SimpleShop/internal/transport/customHttp/homepage.go:12: homePage handler is activated
DEBUG: 2024/10/30 18:21:17 /home/eqthyrium/Documents/Adlet/Project/SimpleShop/internal/transport/customHttp/middleware.go:76: The RoleAdjusterMiddleware is started
DEBUG: 2024/10/30 18:21:17 /home/eqthyrium/Documents/Adlet/Project/SimpleShop/internal/transport/customHttp/middleware.go:136: Checking part of token's time
DEBUG: 2024/10/30 18:21:17 /home/eqthyrium/Documents/Adlet/Project/SimpleShop/internal/transport/customHttp/middleware.go:166: The CSRFMiddleware is started
DEBUG: 2024/10/30 18:21:17 /home/eqthyrium/Documents/Adlet/Project/SimpleShop/internal/transport/customHttp/middleware.go:171: inside of the CSRFMiddleware's Post method checking part 
DEBUG: 2024/10/30 18:21:17 /home/eqthyrium/Documents/Adlet/Project/SimpleShop/internal/transport/customHttp/middleware.go:76: The RoleAdjusterMiddleware is started
DEBUG: 2024/10/30 18:21:17 /home/eqthyrium/Documents/Adlet/Project/SimpleShop/internal/transport/customHttp/middleware.go:81: There is an error about getting the token from the cookie!!!
DEBUG: 2024/10/30 18:21:17 /home/eqthyrium/Documents/Adlet/Project/SimpleShop/internal/transport/customHttp/middleware.go:166: The CSRFMiddleware is started
DEBUG: 2024/10/30 18:21:17 /home/eqthyrium/Documents/Adlet/Project/SimpleShop/internal/transport/customHttp/login.go:28: The logIn handler is activated
DEBUG: 2024/10/30 18:21:17 /home/eqthyrium/Documents/Adlet/Project/SimpleShop/internal/transport/customHttp/login.go:50: logIn's handler of GET request is activated
