INFO: 2024/10/30 18:20:59 /home/eqthyrium/Documents/Adlet/Project/SimpleShop/internal/app/app.go:36: The server is running at: http://localhost:8888/
INFO: 2024/10/30 18:21:02 /home/eqthyrium/Documents/Adlet/Project/SimpleShop/internal/transport/customHttp/middleware.go:56: Method:[GET], URL_Path: /, Remote_Address: [::1]:52980
INFO: 2024/10/30 18:21:02 /home/eqthyrium/Documents/Adlet/Project/SimpleShop/internal/transport/customHttp/middleware.go:83: There is no cookie in the request of the client
INFO: 2024/10/30 18:21:02 /home/eqthyrium/Documents/Adlet/Project/SimpleShop/internal/transport/customHttp/middleware.go:60: The End of the client request, and its Duration:5.272985ms
INFO: 2024/10/30 18:21:02 /home/eqthyrium/Documents/Adlet/Project/SimpleShop/internal/transport/customHttp/middleware.go:56: Method:[GET], URL_Path: /favicon.ico, Remote_Address: [::1]:52980
INFO: 2024/10/30 18:21:02 /home/eqthyrium/Documents/Adlet/Project/SimpleShop/internal/transport/customHttp/middleware.go:83: There is no cookie in the request of the client
INFO: 2024/10/30 18:21:02 /home/eqthyrium/Documents/Adlet/Project/SimpleShop/internal/transport/customHttp/homepage.go:15: incorrect request's endpoint
INFO: 2024/10/30 18:21:02 /home/eqthyrium/Documents/Adlet/Project/SimpleShop/internal/transport/customHttp/middleware.go:60: The End of the client request, and its Duration:715.136µs
INFO: 2024/10/30 18:21:05 /home/eqthyrium/Documents/Adlet/Project/SimpleShop/internal/transport/customHttp/middleware.go:56: Method:[GET], URL_Path: /auth/login, Remote_Address: [::1]:53012
INFO: 2024/10/30 18:21:05 /home/eqthyrium/Documents/Adlet/Project/SimpleShop/internal/transport/customHttp/middleware.go:83: There is no cookie in the request of the client
INFO: 2024/10/30 18:21:05 /home/eqthyrium/Documents/Adlet/Project/SimpleShop/internal/transport/customHttp/middleware.go:60: The End of the client request, and its Duration:374.928µs
INFO: 2024/10/30 18:21:09 /home/eqthyrium/Documents/Adlet/Project/SimpleShop/internal/transport/customHttp/middleware.go:56: Method:[POST], URL_Path: /auth/login, Remote_Address: [::1]:53012
INFO: 2024/10/30 18:21:09 /home/eqthyrium/Documents/Adlet/Project/SimpleShop/internal/transport/customHttp/middleware.go:83: There is no cookie in the request of the client
INFO: 2024/10/30 18:21:09 /home/eqthyrium/Documents/Adlet/Project/SimpleShop/internal/transport/customHttp/middleware.go:60: The End of the client request, and its Duration:52.895113ms
INFO: 2024/10/30 18:21:15 /home/eqthyrium/Documents/Adlet/Project/SimpleShop/internal/transport/customHttp/middleware.go:56: Method:[POST], URL_Path: /auth/login, Remote_Address: [::1]:53012
INFO: 2024/10/30 18:21:15 /home/eqthyrium/Documents/Adlet/Project/SimpleShop/internal/transport/customHttp/middleware.go:83: There is no cookie in the request of the client
INFO: 2024/10/30 18:21:15 /home/eqthyrium/Documents/Adlet/Project/SimpleShop/internal/transport/customHttp/middleware.go:60: The End of the client request, and its Duration:51.894405ms
INFO: 2024/10/30 18:21:15 /home/eqthyrium/Documents/Adlet/Project/SimpleShop/internal/transport/customHttp/middleware.go:56: Method:[GET], URL_Path: /, Remote_Address: [::1]:53012
INFO: 2024/10/30 18:21:15 /home/eqthyrium/Documents/Adlet/Project/SimpleShop/internal/transport/customHttp/middleware.go:60: The End of the client request, and its Duration:6.950024ms
INFO: 2024/10/30 18:21:17 /home/eqthyrium/Documents/Adlet/Project/SimpleShop/internal/transport/customHttp/middleware.go:56: Method:[POST], URL_Path: /reaction, Remote_Address: [::1]:53012
INFO: 2024/10/30 18:21:17 /home/eqthyrium/Documents/Adlet/Project/SimpleShop/internal/transport/customHttp/middleware.go:177: The CSRF attack is detected, its IP is: [::1]:53012
INFO: 2024/10/30 18:21:17 /home/eqthyrium/Documents/Adlet/Project/SimpleShop/internal/transport/customHttp/middleware.go:60: The End of the client request, and its Duration:197.375µs
INFO: 2024/10/30 18:21:17 /home/eqthyrium/Documents/Adlet/Project/SimpleShop/internal/transport/customHttp/middleware.go:56: Method:[GET], URL_Path: /auth/login, Remote_Address: [::1]:53012
INFO: 2024/10/30 18:21:17 /home/eqthyrium/Documents/Adlet/Project/SimpleShop/internal/transport/customHttp/middleware.go:83: There is no cookie in the request of the client
INFO: 2024/10/30 18:21:17 /home/eqthyrium/Documents/Adlet/Project/SimpleShop/internal/transport/customHttp/middleware.go:60: The End of the client request, and its Duration:345.103µs
